<?xml version="1.0" encoding="UTF-8"?>
<!-- Generated by org.testng.reporters.JUnitXMLReporter -->
<testsuite ignored="0" hostname="LIN83003279" failures="0" tests="13" name="Parallel Tests" time="62.16" errors="0" timestamp="2021-07-15T15:39:57 IST">
  <testcase classname="librariesTest.testlogin" name="@BeforeTest initialization" time="38.493">
    <failure type="org.openqa.selenium.TimeoutException" message="timeout: Timed out receiving message from renderer: 32.883
  (Session info: chrome=91.0.4472.124)
Build info: version: &amp;apos;3.141.59&amp;apos;, revision: &amp;apos;e82be7d358&amp;apos;, time: &amp;apos;2018-11-14T08:17:03&amp;apos;
System info: host: &amp;apos;LIN83003279&amp;apos;, ip: &amp;apos;10.246.182.187&amp;apos;, os.name: &amp;apos;Windows 10&amp;apos;, os.arch: &amp;apos;amd64&amp;apos;, os.version: &amp;apos;10.0&amp;apos;, java.version: &amp;apos;16.0.1&amp;apos;
Driver info: org.openqa.selenium.chrome.ChromeDriver
Capabilities {acceptInsecureCerts: false, browserName: chrome, browserVersion: 91.0.4472.124, chrome: {chromedriverVersion: 91.0.4472.19 (1bf021f248676..., userDataDir: C:\Users\MGOSETTY\AppData\L...}, goog:chromeOptions: {debuggerAddress: localhost:51920}, javascriptEnabled: true, networkConnectionEnabled: false, pageLoadStrategy: normal, platform: WINDOWS, platformName: WINDOWS, proxy: Proxy(), setWindowRect: true, strictFileInteractability: false, timeouts: {implicit: 0, pageLoad: 300000, script: 30000}, unhandledPromptBehavior: dismiss and notify, webauthn:extension:largeBlob: true, webauthn:virtualAuthenticators: true}
Session ID: e1a2e659ac6825969592704220eae879">
      <![CDATA[org.openqa.selenium.TimeoutException: timeout: Timed out receiving message from renderer: 32.883
  (Session info: chrome=91.0.4472.124)
Build info: version: '3.141.59', revision: 'e82be7d358', time: '2018-11-14T08:17:03'
System info: host: 'LIN83003279', ip: '10.246.182.187', os.name: 'Windows 10', os.arch: 'amd64', os.version: '10.0', java.version: '16.0.1'
Driver info: org.openqa.selenium.chrome.ChromeDriver
Capabilities {acceptInsecureCerts: false, browserName: chrome, browserVersion: 91.0.4472.124, chrome: {chromedriverVersion: 91.0.4472.19 (1bf021f248676..., userDataDir: C:\Users\MGOSETTY\AppData\L...}, goog:chromeOptions: {debuggerAddress: localhost:51920}, javascriptEnabled: true, networkConnectionEnabled: false, pageLoadStrategy: normal, platform: WINDOWS, platformName: WINDOWS, proxy: Proxy(), setWindowRect: true, strictFileInteractability: false, timeouts: {implicit: 0, pageLoad: 300000, script: 30000}, unhandledPromptBehavior: dismiss and notify, webauthn:extension:largeBlob: true, webauthn:virtualAuthenticators: true}
Session ID: e1a2e659ac6825969592704220eae879
at org.openqa.selenium.remote.http.W3CHttpResponseCodec.createException(W3CHttpResponseCodec.java:187)
at org.openqa.selenium.remote.http.W3CHttpResponseCodec.decode(W3CHttpResponseCodec.java:122)
at org.openqa.selenium.remote.http.W3CHttpResponseCodec.decode(W3CHttpResponseCodec.java:49)
at org.openqa.selenium.remote.HttpCommandExecutor.execute(HttpCommandExecutor.java:158)
at org.openqa.selenium.remote.service.DriverCommandExecutor.execute(DriverCommandExecutor.java:83)
at org.openqa.selenium.remote.RemoteWebDriver.execute(RemoteWebDriver.java:552)
at org.openqa.selenium.remote.RemoteWebDriver.get(RemoteWebDriver.java:277)
at librariesTest.testlogin.initialization(testlogin.java:139)
... Removed 29 stack frames]]>
    </failure>
  </testcase> <!-- @BeforeTest initialization -->
  <testcase classname="librariesTest.testcase" name="@AfterTest stop" time="-1.626343797519E9">
    <skipped/>
  </testcase> <!-- @AfterTest stop -->
  <testcase classname="librariesTest.testlogin" name="@AfterTest stop" time="-1.626343797523E9">
    <skipped/>
  </testcase> <!-- @AfterTest stop -->
  <testcase classname="librariesTest.testcase" name="verifyLoginPage" time="0.0">
    <skipped/>
  </testcase> <!-- verifyLoginPage -->
  <testcase classname="librariesTest.testlogin" name="verifyLoginPage" time="0.0">
    <skipped/>
  </testcase> <!-- verifyLoginPage -->
  <testcase classname="librariesTest.testlogin" name="image_present_or_not" time="0.0">
    <skipped/>
  </testcase> <!-- image_present_or_not -->
  <testcase classname="librariesTest.testlogin" name="article_text" time="0.0">
    <skipped/>
  </testcase> <!-- article_text -->
  <testcase classname="librariesTest.testlogin" name="article_quotation" time="0.0">
    <skipped/>
  </testcase> <!-- article_quotation -->
  <testcase classname="librariesTest.testlogin" name="health_blog" time="0.0">
    <skipped/>
  </testcase> <!-- health_blog -->
  <testcase classname="librariesTest.testlogin" name="health_blog_quotation" time="0.0">
    <skipped/>
  </testcase> <!-- health_blog_quotation -->
  <testcase classname="librariesTest.testlogin" name="quote" time="0.0">
    <skipped/>
  </testcase> <!-- quote -->
  <testcase classname="librariesTest.testlogin" name="hi_name" time="0.0">
    <skipped/>
  </testcase> <!-- hi_name -->
  <testcase classname="librariesTest.testlogin" name="appointments" time="0.0">
    <skipped/>
  </testcase> <!-- appointments -->
  <testcase classname="librariesTest.testlogin" name="Text_Found_or_Not" time="0.0">
    <skipped/>
  </testcase> <!-- Text_Found_or_Not -->
  <testcase classname="librariesTest.testlogin" name="meds" time="0.0">
    <skipped/>
  </testcase> <!-- meds -->
  <testcase classname="librariesTest.testlogin" name="labtests" time="0.0">
    <skipped/>
  </testcase> <!-- labtests -->
</testsuite> <!-- Parallel Tests -->
